<?xml version="1.0" encoding="UTF-8"?>
<testsuite xmlns:xsi="http://www.w3.org/2001/XMLSchema-instance" xsi:noNamespaceSchemaLocation="https://maven.apache.org/surefire/maven-surefire-plugin/xsd/surefire-test-report.xsd" name="com.pancm.AppTest" time="0.029" tests="1" errors="0" skipped="0" failures="0">
  <properties>
    <property name="sun.desktop" value="windows"/>
    <property name="awt.toolkit" value="sun.awt.windows.WToolkit"/>
    <property name="file.encoding.pkg" value="sun.io"/>
    <property name="java.specification.version" value="1.8"/>
    <property name="sun.cpu.isalist" value="amd64"/>
    <property name="sun.jnu.encoding" value="GBK"/>
    <property name="java.class.path" value="D:\Lean\springcloud-study\springcloud-config\springcloud-config-server\target\test-classes;D:\Lean\springcloud-study\springcloud-config\springcloud-config-server\target\classes;D:\JAVA\Maven\repository\org\springframework\cloud\spring-cloud-config-server\2.0.0.RELEASE\spring-cloud-config-server-2.0.0.RELEASE.jar;D:\JAVA\Maven\repository\org\springframework\cloud\spring-cloud-config-client\2.0.0.RELEASE\spring-cloud-config-client-2.0.0.RELEASE.jar;D:\JAVA\Maven\repository\org\springframework\boot\spring-boot-autoconfigure\2.1.1.RELEASE\spring-boot-autoconfigure-2.1.1.RELEASE.jar;D:\JAVA\Maven\repository\org\springframework\cloud\spring-cloud-commons\2.0.0.RELEASE\spring-cloud-commons-2.0.0.RELEASE.jar;D:\JAVA\Maven\repository\org\springframework\cloud\spring-cloud-context\2.0.0.RELEASE\spring-cloud-context-2.0.0.RELEASE.jar;D:\JAVA\Maven\repository\org\springframework\spring-web\5.1.3.RELEASE\spring-web-5.1.3.RELEASE.jar;D:\JAVA\Maven\repository\org\springframework\spring-beans\5.1.3.RELEASE\spring-beans-5.1.3.RELEASE.jar;D:\JAVA\Maven\repository\com\fasterxml\jackson\core\jackson-annotations\2.9.0\jackson-annotations-2.9.0.jar;D:\JAVA\Maven\repository\com\fasterxml\jackson\core\jackson-databind\2.9.7\jackson-databind-2.9.7.jar;D:\JAVA\Maven\repository\com\fasterxml\jackson\core\jackson-core\2.9.7\jackson-core-2.9.7.jar;D:\JAVA\Maven\repository\org\springframework\boot\spring-boot-starter-actuator\2.1.1.RELEASE\spring-boot-starter-actuator-2.1.1.RELEASE.jar;D:\JAVA\Maven\repository\org\springframework\boot\spring-boot-actuator-autoconfigure\2.1.1.RELEASE\spring-boot-actuator-autoconfigure-2.1.1.RELEASE.jar;D:\JAVA\Maven\repository\org\springframework\boot\spring-boot-actuator\2.1.1.RELEASE\spring-boot-actuator-2.1.1.RELEASE.jar;D:\JAVA\Maven\repository\org\springframework\spring-context\5.1.3.RELEASE\spring-context-5.1.3.RELEASE.jar;D:\JAVA\Maven\repository\com\fasterxml\jackson\datatype\jackson-datatype-jsr310\2.9.7\jackson-datatype-jsr310-2.9.7.jar;D:\JAVA\Maven\repository\io\micrometer\micrometer-core\1.1.1\micrometer-core-1.1.1.jar;D:\JAVA\Maven\repository\org\hdrhistogram\HdrHistogram\2.1.9\HdrHistogram-2.1.9.jar;D:\JAVA\Maven\repository\org\latencyutils\LatencyUtils\2.0.3\LatencyUtils-2.0.3.jar;D:\JAVA\Maven\repository\org\springframework\boot\spring-boot-starter-web\2.1.1.RELEASE\spring-boot-starter-web-2.1.1.RELEASE.jar;D:\JAVA\Maven\repository\org\springframework\boot\spring-boot-starter-json\2.1.1.RELEASE\spring-boot-starter-json-2.1.1.RELEASE.jar;D:\JAVA\Maven\repository\com\fasterxml\jackson\datatype\jackson-datatype-jdk8\2.9.7\jackson-datatype-jdk8-2.9.7.jar;D:\JAVA\Maven\repository\com\fasterxml\jackson\module\jackson-module-parameter-names\2.9.7\jackson-module-parameter-names-2.9.7.jar;D:\JAVA\Maven\repository\org\springframework\boot\spring-boot-starter-tomcat\2.1.1.RELEASE\spring-boot-starter-tomcat-2.1.1.RELEASE.jar;D:\JAVA\Maven\repository\org\apache\tomcat\embed\tomcat-embed-core\9.0.13\tomcat-embed-core-9.0.13.jar;D:\JAVA\Maven\repository\org\apache\tomcat\embed\tomcat-embed-el\9.0.13\tomcat-embed-el-9.0.13.jar;D:\JAVA\Maven\repository\org\apache\tomcat\embed\tomcat-embed-websocket\9.0.13\tomcat-embed-websocket-9.0.13.jar;D:\JAVA\Maven\repository\org\hibernate\validator\hibernate-validator\6.0.13.Final\hibernate-validator-6.0.13.Final.jar;D:\JAVA\Maven\repository\javax\validation\validation-api\2.0.1.Final\validation-api-2.0.1.Final.jar;D:\JAVA\Maven\repository\org\jboss\logging\jboss-logging\3.3.2.Final\jboss-logging-3.3.2.Final.jar;D:\JAVA\Maven\repository\com\fasterxml\classmate\1.4.0\classmate-1.4.0.jar;D:\JAVA\Maven\repository\org\springframework\spring-webmvc\5.1.3.RELEASE\spring-webmvc-5.1.3.RELEASE.jar;D:\JAVA\Maven\repository\org\springframework\spring-aop\5.1.3.RELEASE\spring-aop-5.1.3.RELEASE.jar;D:\JAVA\Maven\repository\org\springframework\spring-expression\5.1.3.RELEASE\spring-expression-5.1.3.RELEASE.jar;D:\JAVA\Maven\repository\org\springframework\security\spring-security-crypto\5.1.2.RELEASE\spring-security-crypto-5.1.2.RELEASE.jar;D:\JAVA\Maven\repository\org\springframework\security\spring-security-rsa\1.0.5.RELEASE\spring-security-rsa-1.0.5.RELEASE.jar;D:\JAVA\Maven\repository\org\bouncycastle\bcpkix-jdk15on\1.56\bcpkix-jdk15on-1.56.jar;D:\JAVA\Maven\repository\org\bouncycastle\bcprov-jdk15on\1.56\bcprov-jdk15on-1.56.jar;D:\JAVA\Maven\repository\org\eclipse\jgit\org.eclipse.jgit\4.11.0.201803080745-r\org.eclipse.jgit-4.11.0.201803080745-r.jar;D:\JAVA\Maven\repository\com\jcraft\jsch\0.1.54\jsch-0.1.54.jar;D:\JAVA\Maven\repository\com\jcraft\jzlib\1.1.1\jzlib-1.1.1.jar;D:\JAVA\Maven\repository\com\googlecode\javaewah\JavaEWAH\1.1.6\JavaEWAH-1.1.6.jar;D:\JAVA\Maven\repository\org\apache\httpcomponents\httpclient\4.5.6\httpclient-4.5.6.jar;D:\JAVA\Maven\repository\commons-codec\commons-codec\1.11\commons-codec-1.11.jar;D:\JAVA\Maven\repository\org\slf4j\slf4j-api\1.7.25\slf4j-api-1.7.25.jar;D:\JAVA\Maven\repository\org\eclipse\jgit\org.eclipse.jgit.http.apache\4.11.0.201803080745-r\org.eclipse.jgit.http.apache-4.11.0.201803080745-r.jar;D:\JAVA\Maven\repository\org\apache\httpcomponents\httpcore\4.4.10\httpcore-4.4.10.jar;D:\JAVA\Maven\repository\org\yaml\snakeyaml\1.23\snakeyaml-1.23.jar;D:\JAVA\Maven\repository\org\springframework\cloud\spring-cloud-starter-netflix-eureka-server\2.0.0.RELEASE\spring-cloud-starter-netflix-eureka-server-2.0.0.RELEASE.jar;D:\JAVA\Maven\repository\org\springframework\cloud\spring-cloud-starter\2.0.0.RELEASE\spring-cloud-starter-2.0.0.RELEASE.jar;D:\JAVA\Maven\repository\org\springframework\cloud\spring-cloud-netflix-eureka-server\2.0.0.RELEASE\spring-cloud-netflix-eureka-server-2.0.0.RELEASE.jar;D:\JAVA\Maven\repository\org\springframework\boot\spring-boot-starter-freemarker\2.1.1.RELEASE\spring-boot-starter-freemarker-2.1.1.RELEASE.jar;D:\JAVA\Maven\repository\org\freemarker\freemarker\2.3.28\freemarker-2.3.28.jar;D:\JAVA\Maven\repository\org\springframework\spring-context-support\5.1.3.RELEASE\spring-context-support-5.1.3.RELEASE.jar;D:\JAVA\Maven\repository\org\springframework\cloud\spring-cloud-netflix-core\2.0.0.RELEASE\spring-cloud-netflix-core-2.0.0.RELEASE.jar;D:\JAVA\Maven\repository\org\springframework\boot\spring-boot-starter-aop\2.1.1.RELEASE\spring-boot-starter-aop-2.1.1.RELEASE.jar;D:\JAVA\Maven\repository\org\aspectj\aspectjweaver\1.9.2\aspectjweaver-1.9.2.jar;D:\JAVA\Maven\repository\org\springframework\cloud\spring-cloud-netflix-eureka-client\2.0.0.RELEASE\spring-cloud-netflix-eureka-client-2.0.0.RELEASE.jar;D:\JAVA\Maven\repository\com\netflix\eureka\eureka-client\1.9.2\eureka-client-1.9.2.jar;D:\JAVA\Maven\repository\org\codehaus\jettison\jettison\1.3.7\jettison-1.3.7.jar;D:\JAVA\Maven\repository\stax\stax-api\1.0.1\stax-api-1.0.1.jar;D:\JAVA\Maven\repository\com\netflix\netflix-commons\netflix-eventbus\0.3.0\netflix-eventbus-0.3.0.jar;D:\JAVA\Maven\repository\com\netflix\netflix-commons\netflix-infix\0.3.0\netflix-infix-0.3.0.jar;D:\JAVA\Maven\repository\commons-jxpath\commons-jxpath\1.3\commons-jxpath-1.3.jar;D:\JAVA\Maven\repository\joda-time\joda-time\2.10.1\joda-time-2.10.1.jar;D:\JAVA\Maven\repository\org\antlr\antlr-runtime\3.4\antlr-runtime-3.4.jar;D:\JAVA\Maven\repository\org\antlr\stringtemplate\3.2.1\stringtemplate-3.2.1.jar;D:\JAVA\Maven\repository\antlr\antlr\2.7.7\antlr-2.7.7.jar;D:\JAVA\Maven\repository\com\google\code\gson\gson\2.8.5\gson-2.8.5.jar;D:\JAVA\Maven\repository\org\apache\commons\commons-math\2.2\commons-math-2.2.jar;D:\JAVA\Maven\repository\javax\ws\rs\jsr311-api\1.1.1\jsr311-api-1.1.1.jar;D:\JAVA\Maven\repository\com\netflix\servo\servo-core\0.12.21\servo-core-0.12.21.jar;D:\JAVA\Maven\repository\com\sun\jersey\jersey-core\1.19.1\jersey-core-1.19.1.jar;D:\JAVA\Maven\repository\com\sun\jersey\jersey-client\1.19.1\jersey-client-1.19.1.jar;D:\JAVA\Maven\repository\com\sun\jersey\contribs\jersey-apache-client4\1.19.1\jersey-apache-client4-1.19.1.jar;D:\JAVA\Maven\repository\com\google\inject\guice\4.1.0\guice-4.1.0.jar;D:\JAVA\Maven\repository\aopalliance\aopalliance\1.0\aopalliance-1.0.jar;D:\JAVA\Maven\repository\com\github\vlsi\compactmap\compactmap\1.2.1\compactmap-1.2.1.jar;D:\JAVA\Maven\repository\com\github\andrewoma\dexx\dexx-collections\0.2\dexx-collections-0.2.jar;D:\JAVA\Maven\repository\com\sun\jersey\jersey-servlet\1.19.1\jersey-servlet-1.19.1.jar;D:\JAVA\Maven\repository\com\sun\jersey\jersey-server\1.19.1\jersey-server-1.19.1.jar;D:\JAVA\Maven\repository\com\netflix\eureka\eureka-core\1.9.2\eureka-core-1.9.2.jar;D:\JAVA\Maven\repository\org\codehaus\woodstox\woodstox-core-asl\4.4.1\woodstox-core-asl-4.4.1.jar;D:\JAVA\Maven\repository\javax\xml\stream\stax-api\1.0-2\stax-api-1.0-2.jar;D:\JAVA\Maven\repository\com\netflix\archaius\archaius-core\0.7.6\archaius-core-0.7.6.jar;D:\JAVA\Maven\repository\com\google\code\findbugs\jsr305\3.0.1\jsr305-3.0.1.jar;D:\JAVA\Maven\repository\com\google\guava\guava\16.0\guava-16.0.jar;D:\JAVA\Maven\repository\javax\inject\javax.inject\1\javax.inject-1.jar;D:\JAVA\Maven\repository\com\fasterxml\jackson\dataformat\jackson-dataformat-xml\2.9.7\jackson-dataformat-xml-2.9.7.jar;D:\JAVA\Maven\repository\com\fasterxml\jackson\module\jackson-module-jaxb-annotations\2.9.7\jackson-module-jaxb-annotations-2.9.7.jar;D:\JAVA\Maven\repository\org\codehaus\woodstox\stax2-api\3.1.4\stax2-api-3.1.4.jar;D:\JAVA\Maven\repository\com\fasterxml\woodstox\woodstox-core\5.0.3\woodstox-core-5.0.3.jar;D:\JAVA\Maven\repository\com\thoughtworks\xstream\xstream\1.4.10\xstream-1.4.10.jar;D:\JAVA\Maven\repository\xmlpull\xmlpull\1.1.3.1\xmlpull-1.1.3.1.jar;D:\JAVA\Maven\repository\xpp3\xpp3_min\1.1.4c\xpp3_min-1.1.4c.jar;D:\JAVA\Maven\repository\org\springframework\cloud\spring-cloud-starter-netflix-archaius\2.0.0.RELEASE\spring-cloud-starter-netflix-archaius-2.0.0.RELEASE.jar;D:\JAVA\Maven\repository\org\springframework\cloud\spring-cloud-netflix-ribbon\2.0.0.RELEASE\spring-cloud-netflix-ribbon-2.0.0.RELEASE.jar;D:\JAVA\Maven\repository\org\springframework\cloud\spring-cloud-netflix-archaius\2.0.0.RELEASE\spring-cloud-netflix-archaius-2.0.0.RELEASE.jar;D:\JAVA\Maven\repository\commons-configuration\commons-configuration\1.8\commons-configuration-1.8.jar;D:\JAVA\Maven\repository\commons-lang\commons-lang\2.6\commons-lang-2.6.jar;D:\JAVA\Maven\repository\org\springframework\cloud\spring-cloud-starter-netflix-ribbon\2.0.0.RELEASE\spring-cloud-starter-netflix-ribbon-2.0.0.RELEASE.jar;D:\JAVA\Maven\repository\com\netflix\ribbon\ribbon\2.2.5\ribbon-2.2.5.jar;D:\JAVA\Maven\repository\com\netflix\ribbon\ribbon-transport\2.2.5\ribbon-transport-2.2.5.jar;D:\JAVA\Maven\repository\io\reactivex\rxnetty-contexts\0.4.9\rxnetty-contexts-0.4.9.jar;D:\JAVA\Maven\repository\io\reactivex\rxnetty-servo\0.4.9\rxnetty-servo-0.4.9.jar;D:\JAVA\Maven\repository\com\netflix\hystrix\hystrix-core\1.5.12\hystrix-core-1.5.12.jar;D:\JAVA\Maven\repository\io\reactivex\rxnetty\0.4.9\rxnetty-0.4.9.jar;D:\JAVA\Maven\repository\io\netty\netty-codec-http\4.1.31.Final\netty-codec-http-4.1.31.Final.jar;D:\JAVA\Maven\repository\io\netty\netty-codec\4.1.31.Final\netty-codec-4.1.31.Final.jar;D:\JAVA\Maven\repository\io\netty\netty-transport-native-epoll\4.1.31.Final\netty-transport-native-epoll-4.1.31.Final.jar;D:\JAVA\Maven\repository\io\netty\netty-common\4.1.31.Final\netty-common-4.1.31.Final.jar;D:\JAVA\Maven\repository\io\netty\netty-buffer\4.1.31.Final\netty-buffer-4.1.31.Final.jar;D:\JAVA\Maven\repository\io\netty\netty-transport-native-unix-common\4.1.31.Final\netty-transport-native-unix-common-4.1.31.Final.jar;D:\JAVA\Maven\repository\io\netty\netty-transport\4.1.31.Final\netty-transport-4.1.31.Final.jar;D:\JAVA\Maven\repository\io\netty\netty-resolver\4.1.31.Final\netty-resolver-4.1.31.Final.jar;D:\JAVA\Maven\repository\com\netflix\ribbon\ribbon-core\2.2.5\ribbon-core-2.2.5.jar;D:\JAVA\Maven\repository\com\netflix\ribbon\ribbon-httpclient\2.2.5\ribbon-httpclient-2.2.5.jar;D:\JAVA\Maven\repository\commons-collections\commons-collections\3.2.2\commons-collections-3.2.2.jar;D:\JAVA\Maven\repository\com\netflix\netflix-commons\netflix-commons-util\0.3.0\netflix-commons-util-0.3.0.jar;D:\JAVA\Maven\repository\com\netflix\ribbon\ribbon-loadbalancer\2.2.5\ribbon-loadbalancer-2.2.5.jar;D:\JAVA\Maven\repository\com\netflix\netflix-commons\netflix-statistics\0.1.1\netflix-statistics-0.1.1.jar;D:\JAVA\Maven\repository\io\reactivex\rxjava\1.3.8\rxjava-1.3.8.jar;D:\JAVA\Maven\repository\com\netflix\ribbon\ribbon-eureka\2.2.5\ribbon-eureka-2.2.5.jar;D:\JAVA\Maven\repository\org\springframework\boot\spring-boot-starter-test\2.1.1.RELEASE\spring-boot-starter-test-2.1.1.RELEASE.jar;D:\JAVA\Maven\repository\org\springframework\boot\spring-boot-starter\2.1.1.RELEASE\spring-boot-starter-2.1.1.RELEASE.jar;D:\JAVA\Maven\repository\org\springframework\boot\spring-boot\2.1.1.RELEASE\spring-boot-2.1.1.RELEASE.jar;D:\JAVA\Maven\repository\org\springframework\boot\spring-boot-starter-logging\2.1.1.RELEASE\spring-boot-starter-logging-2.1.1.RELEASE.jar;D:\JAVA\Maven\repository\ch\qos\logback\logback-classic\1.2.3\logback-classic-1.2.3.jar;D:\JAVA\Maven\repository\ch\qos\logback\logback-core\1.2.3\logback-core-1.2.3.jar;D:\JAVA\Maven\repository\org\apache\logging\log4j\log4j-to-slf4j\2.11.1\log4j-to-slf4j-2.11.1.jar;D:\JAVA\Maven\repository\org\apache\logging\log4j\log4j-api\2.11.1\log4j-api-2.11.1.jar;D:\JAVA\Maven\repository\org\slf4j\jul-to-slf4j\1.7.25\jul-to-slf4j-1.7.25.jar;D:\JAVA\Maven\repository\javax\annotation\javax.annotation-api\1.3.2\javax.annotation-api-1.3.2.jar;D:\JAVA\Maven\repository\org\springframework\boot\spring-boot-test\2.1.1.RELEASE\spring-boot-test-2.1.1.RELEASE.jar;D:\JAVA\Maven\repository\org\springframework\boot\spring-boot-test-autoconfigure\2.1.1.RELEASE\spring-boot-test-autoconfigure-2.1.1.RELEASE.jar;D:\JAVA\Maven\repository\com\jayway\jsonpath\json-path\2.4.0\json-path-2.4.0.jar;D:\JAVA\Maven\repository\net\minidev\json-smart\2.3\json-smart-2.3.jar;D:\JAVA\Maven\repository\net\minidev\accessors-smart\1.2\accessors-smart-1.2.jar;D:\JAVA\Maven\repository\org\ow2\asm\asm\5.0.4\asm-5.0.4.jar;D:\JAVA\Maven\repository\junit\junit\4.12\junit-4.12.jar;D:\JAVA\Maven\repository\org\assertj\assertj-core\3.11.1\assertj-core-3.11.1.jar;D:\JAVA\Maven\repository\org\mockito\mockito-core\2.23.4\mockito-core-2.23.4.jar;D:\JAVA\Maven\repository\net\bytebuddy\byte-buddy\1.9.5\byte-buddy-1.9.5.jar;D:\JAVA\Maven\repository\net\bytebuddy\byte-buddy-agent\1.9.5\byte-buddy-agent-1.9.5.jar;D:\JAVA\Maven\repository\org\objenesis\objenesis\2.6\objenesis-2.6.jar;D:\JAVA\Maven\repository\org\hamcrest\hamcrest-core\1.3\hamcrest-core-1.3.jar;D:\JAVA\Maven\repository\org\hamcrest\hamcrest-library\1.3\hamcrest-library-1.3.jar;D:\JAVA\Maven\repository\org\skyscreamer\jsonassert\1.5.0\jsonassert-1.5.0.jar;D:\JAVA\Maven\repository\com\vaadin\external\google\android-json\0.0.20131108.vaadin1\android-json-0.0.20131108.vaadin1.jar;D:\JAVA\Maven\repository\org\springframework\spring-core\5.1.3.RELEASE\spring-core-5.1.3.RELEASE.jar;D:\JAVA\Maven\repository\org\springframework\spring-jcl\5.1.3.RELEASE\spring-jcl-5.1.3.RELEASE.jar;D:\JAVA\Maven\repository\org\springframework\spring-test\5.1.3.RELEASE\spring-test-5.1.3.RELEASE.jar;D:\JAVA\Maven\repository\org\xmlunit\xmlunit-core\2.6.2\xmlunit-core-2.6.2.jar;"/>
    <property name="java.vm.vendor" value="Oracle Corporation"/>
    <property name="sun.arch.data.model" value="64"/>
    <property name="user.variant" value=""/>
    <property name="java.vendor.url" value="http://java.oracle.com/"/>
    <property name="user.timezone" value="Asia/Shanghai"/>
    <property name="java.vm.specification.version" value="1.8"/>
    <property name="os.name" value="Windows 10"/>
    <property name="user.country" value="CN"/>
    <property name="sun.java.launcher" value="SUN_STANDARD"/>
    <property name="sun.boot.library.path" value="D:\JAVA\JDK\jdk1.8_301\jre\bin"/>
    <property name="sun.java.command" value="C:\Users\Pactera\AppData\Local\Temp\surefire2235131211509365527\surefirebooter4721269306734004506.jar C:\Users\Pactera\AppData\Local\Temp\surefire2235131211509365527 2021-09-26T15-29-40_928-jvmRun1 surefire213680663760523162tmp surefire_11098939335383181278tmp"/>
    <property name="surefire.test.class.path" value="D:\Lean\springcloud-study\springcloud-config\springcloud-config-server\target\test-classes;D:\Lean\springcloud-study\springcloud-config\springcloud-config-server\target\classes;D:\JAVA\Maven\repository\org\springframework\cloud\spring-cloud-config-server\2.0.0.RELEASE\spring-cloud-config-server-2.0.0.RELEASE.jar;D:\JAVA\Maven\repository\org\springframework\cloud\spring-cloud-config-client\2.0.0.RELEASE\spring-cloud-config-client-2.0.0.RELEASE.jar;D:\JAVA\Maven\repository\org\springframework\boot\spring-boot-autoconfigure\2.1.1.RELEASE\spring-boot-autoconfigure-2.1.1.RELEASE.jar;D:\JAVA\Maven\repository\org\springframework\cloud\spring-cloud-commons\2.0.0.RELEASE\spring-cloud-commons-2.0.0.RELEASE.jar;D:\JAVA\Maven\repository\org\springframework\cloud\spring-cloud-context\2.0.0.RELEASE\spring-cloud-context-2.0.0.RELEASE.jar;D:\JAVA\Maven\repository\org\springframework\spring-web\5.1.3.RELEASE\spring-web-5.1.3.RELEASE.jar;D:\JAVA\Maven\repository\org\springframework\spring-beans\5.1.3.RELEASE\spring-beans-5.1.3.RELEASE.jar;D:\JAVA\Maven\repository\com\fasterxml\jackson\core\jackson-annotations\2.9.0\jackson-annotations-2.9.0.jar;D:\JAVA\Maven\repository\com\fasterxml\jackson\core\jackson-databind\2.9.7\jackson-databind-2.9.7.jar;D:\JAVA\Maven\repository\com\fasterxml\jackson\core\jackson-core\2.9.7\jackson-core-2.9.7.jar;D:\JAVA\Maven\repository\org\springframework\boot\spring-boot-starter-actuator\2.1.1.RELEASE\spring-boot-starter-actuator-2.1.1.RELEASE.jar;D:\JAVA\Maven\repository\org\springframework\boot\spring-boot-actuator-autoconfigure\2.1.1.RELEASE\spring-boot-actuator-autoconfigure-2.1.1.RELEASE.jar;D:\JAVA\Maven\repository\org\springframework\boot\spring-boot-actuator\2.1.1.RELEASE\spring-boot-actuator-2.1.1.RELEASE.jar;D:\JAVA\Maven\repository\org\springframework\spring-context\5.1.3.RELEASE\spring-context-5.1.3.RELEASE.jar;D:\JAVA\Maven\repository\com\fasterxml\jackson\datatype\jackson-datatype-jsr310\2.9.7\jackson-datatype-jsr310-2.9.7.jar;D:\JAVA\Maven\repository\io\micrometer\micrometer-core\1.1.1\micrometer-core-1.1.1.jar;D:\JAVA\Maven\repository\org\hdrhistogram\HdrHistogram\2.1.9\HdrHistogram-2.1.9.jar;D:\JAVA\Maven\repository\org\latencyutils\LatencyUtils\2.0.3\LatencyUtils-2.0.3.jar;D:\JAVA\Maven\repository\org\springframework\boot\spring-boot-starter-web\2.1.1.RELEASE\spring-boot-starter-web-2.1.1.RELEASE.jar;D:\JAVA\Maven\repository\org\springframework\boot\spring-boot-starter-json\2.1.1.RELEASE\spring-boot-starter-json-2.1.1.RELEASE.jar;D:\JAVA\Maven\repository\com\fasterxml\jackson\datatype\jackson-datatype-jdk8\2.9.7\jackson-datatype-jdk8-2.9.7.jar;D:\JAVA\Maven\repository\com\fasterxml\jackson\module\jackson-module-parameter-names\2.9.7\jackson-module-parameter-names-2.9.7.jar;D:\JAVA\Maven\repository\org\springframework\boot\spring-boot-starter-tomcat\2.1.1.RELEASE\spring-boot-starter-tomcat-2.1.1.RELEASE.jar;D:\JAVA\Maven\repository\org\apache\tomcat\embed\tomcat-embed-core\9.0.13\tomcat-embed-core-9.0.13.jar;D:\JAVA\Maven\repository\org\apache\tomcat\embed\tomcat-embed-el\9.0.13\tomcat-embed-el-9.0.13.jar;D:\JAVA\Maven\repository\org\apache\tomcat\embed\tomcat-embed-websocket\9.0.13\tomcat-embed-websocket-9.0.13.jar;D:\JAVA\Maven\repository\org\hibernate\validator\hibernate-validator\6.0.13.Final\hibernate-validator-6.0.13.Final.jar;D:\JAVA\Maven\repository\javax\validation\validation-api\2.0.1.Final\validation-api-2.0.1.Final.jar;D:\JAVA\Maven\repository\org\jboss\logging\jboss-logging\3.3.2.Final\jboss-logging-3.3.2.Final.jar;D:\JAVA\Maven\repository\com\fasterxml\classmate\1.4.0\classmate-1.4.0.jar;D:\JAVA\Maven\repository\org\springframework\spring-webmvc\5.1.3.RELEASE\spring-webmvc-5.1.3.RELEASE.jar;D:\JAVA\Maven\repository\org\springframework\spring-aop\5.1.3.RELEASE\spring-aop-5.1.3.RELEASE.jar;D:\JAVA\Maven\repository\org\springframework\spring-expression\5.1.3.RELEASE\spring-expression-5.1.3.RELEASE.jar;D:\JAVA\Maven\repository\org\springframework\security\spring-security-crypto\5.1.2.RELEASE\spring-security-crypto-5.1.2.RELEASE.jar;D:\JAVA\Maven\repository\org\springframework\security\spring-security-rsa\1.0.5.RELEASE\spring-security-rsa-1.0.5.RELEASE.jar;D:\JAVA\Maven\repository\org\bouncycastle\bcpkix-jdk15on\1.56\bcpkix-jdk15on-1.56.jar;D:\JAVA\Maven\repository\org\bouncycastle\bcprov-jdk15on\1.56\bcprov-jdk15on-1.56.jar;D:\JAVA\Maven\repository\org\eclipse\jgit\org.eclipse.jgit\4.11.0.201803080745-r\org.eclipse.jgit-4.11.0.201803080745-r.jar;D:\JAVA\Maven\repository\com\jcraft\jsch\0.1.54\jsch-0.1.54.jar;D:\JAVA\Maven\repository\com\jcraft\jzlib\1.1.1\jzlib-1.1.1.jar;D:\JAVA\Maven\repository\com\googlecode\javaewah\JavaEWAH\1.1.6\JavaEWAH-1.1.6.jar;D:\JAVA\Maven\repository\org\apache\httpcomponents\httpclient\4.5.6\httpclient-4.5.6.jar;D:\JAVA\Maven\repository\commons-codec\commons-codec\1.11\commons-codec-1.11.jar;D:\JAVA\Maven\repository\org\slf4j\slf4j-api\1.7.25\slf4j-api-1.7.25.jar;D:\JAVA\Maven\repository\org\eclipse\jgit\org.eclipse.jgit.http.apache\4.11.0.201803080745-r\org.eclipse.jgit.http.apache-4.11.0.201803080745-r.jar;D:\JAVA\Maven\repository\org\apache\httpcomponents\httpcore\4.4.10\httpcore-4.4.10.jar;D:\JAVA\Maven\repository\org\yaml\snakeyaml\1.23\snakeyaml-1.23.jar;D:\JAVA\Maven\repository\org\springframework\cloud\spring-cloud-starter-netflix-eureka-server\2.0.0.RELEASE\spring-cloud-starter-netflix-eureka-server-2.0.0.RELEASE.jar;D:\JAVA\Maven\repository\org\springframework\cloud\spring-cloud-starter\2.0.0.RELEASE\spring-cloud-starter-2.0.0.RELEASE.jar;D:\JAVA\Maven\repository\org\springframework\cloud\spring-cloud-netflix-eureka-server\2.0.0.RELEASE\spring-cloud-netflix-eureka-server-2.0.0.RELEASE.jar;D:\JAVA\Maven\repository\org\springframework\boot\spring-boot-starter-freemarker\2.1.1.RELEASE\spring-boot-starter-freemarker-2.1.1.RELEASE.jar;D:\JAVA\Maven\repository\org\freemarker\freemarker\2.3.28\freemarker-2.3.28.jar;D:\JAVA\Maven\repository\org\springframework\spring-context-support\5.1.3.RELEASE\spring-context-support-5.1.3.RELEASE.jar;D:\JAVA\Maven\repository\org\springframework\cloud\spring-cloud-netflix-core\2.0.0.RELEASE\spring-cloud-netflix-core-2.0.0.RELEASE.jar;D:\JAVA\Maven\repository\org\springframework\boot\spring-boot-starter-aop\2.1.1.RELEASE\spring-boot-starter-aop-2.1.1.RELEASE.jar;D:\JAVA\Maven\repository\org\aspectj\aspectjweaver\1.9.2\aspectjweaver-1.9.2.jar;D:\JAVA\Maven\repository\org\springframework\cloud\spring-cloud-netflix-eureka-client\2.0.0.RELEASE\spring-cloud-netflix-eureka-client-2.0.0.RELEASE.jar;D:\JAVA\Maven\repository\com\netflix\eureka\eureka-client\1.9.2\eureka-client-1.9.2.jar;D:\JAVA\Maven\repository\org\codehaus\jettison\jettison\1.3.7\jettison-1.3.7.jar;D:\JAVA\Maven\repository\stax\stax-api\1.0.1\stax-api-1.0.1.jar;D:\JAVA\Maven\repository\com\netflix\netflix-commons\netflix-eventbus\0.3.0\netflix-eventbus-0.3.0.jar;D:\JAVA\Maven\repository\com\netflix\netflix-commons\netflix-infix\0.3.0\netflix-infix-0.3.0.jar;D:\JAVA\Maven\repository\commons-jxpath\commons-jxpath\1.3\commons-jxpath-1.3.jar;D:\JAVA\Maven\repository\joda-time\joda-time\2.10.1\joda-time-2.10.1.jar;D:\JAVA\Maven\repository\org\antlr\antlr-runtime\3.4\antlr-runtime-3.4.jar;D:\JAVA\Maven\repository\org\antlr\stringtemplate\3.2.1\stringtemplate-3.2.1.jar;D:\JAVA\Maven\repository\antlr\antlr\2.7.7\antlr-2.7.7.jar;D:\JAVA\Maven\repository\com\google\code\gson\gson\2.8.5\gson-2.8.5.jar;D:\JAVA\Maven\repository\org\apache\commons\commons-math\2.2\commons-math-2.2.jar;D:\JAVA\Maven\repository\javax\ws\rs\jsr311-api\1.1.1\jsr311-api-1.1.1.jar;D:\JAVA\Maven\repository\com\netflix\servo\servo-core\0.12.21\servo-core-0.12.21.jar;D:\JAVA\Maven\repository\com\sun\jersey\jersey-core\1.19.1\jersey-core-1.19.1.jar;D:\JAVA\Maven\repository\com\sun\jersey\jersey-client\1.19.1\jersey-client-1.19.1.jar;D:\JAVA\Maven\repository\com\sun\jersey\contribs\jersey-apache-client4\1.19.1\jersey-apache-client4-1.19.1.jar;D:\JAVA\Maven\repository\com\google\inject\guice\4.1.0\guice-4.1.0.jar;D:\JAVA\Maven\repository\aopalliance\aopalliance\1.0\aopalliance-1.0.jar;D:\JAVA\Maven\repository\com\github\vlsi\compactmap\compactmap\1.2.1\compactmap-1.2.1.jar;D:\JAVA\Maven\repository\com\github\andrewoma\dexx\dexx-collections\0.2\dexx-collections-0.2.jar;D:\JAVA\Maven\repository\com\sun\jersey\jersey-servlet\1.19.1\jersey-servlet-1.19.1.jar;D:\JAVA\Maven\repository\com\sun\jersey\jersey-server\1.19.1\jersey-server-1.19.1.jar;D:\JAVA\Maven\repository\com\netflix\eureka\eureka-core\1.9.2\eureka-core-1.9.2.jar;D:\JAVA\Maven\repository\org\codehaus\woodstox\woodstox-core-asl\4.4.1\woodstox-core-asl-4.4.1.jar;D:\JAVA\Maven\repository\javax\xml\stream\stax-api\1.0-2\stax-api-1.0-2.jar;D:\JAVA\Maven\repository\com\netflix\archaius\archaius-core\0.7.6\archaius-core-0.7.6.jar;D:\JAVA\Maven\repository\com\google\code\findbugs\jsr305\3.0.1\jsr305-3.0.1.jar;D:\JAVA\Maven\repository\com\google\guava\guava\16.0\guava-16.0.jar;D:\JAVA\Maven\repository\javax\inject\javax.inject\1\javax.inject-1.jar;D:\JAVA\Maven\repository\com\fasterxml\jackson\dataformat\jackson-dataformat-xml\2.9.7\jackson-dataformat-xml-2.9.7.jar;D:\JAVA\Maven\repository\com\fasterxml\jackson\module\jackson-module-jaxb-annotations\2.9.7\jackson-module-jaxb-annotations-2.9.7.jar;D:\JAVA\Maven\repository\org\codehaus\woodstox\stax2-api\3.1.4\stax2-api-3.1.4.jar;D:\JAVA\Maven\repository\com\fasterxml\woodstox\woodstox-core\5.0.3\woodstox-core-5.0.3.jar;D:\JAVA\Maven\repository\com\thoughtworks\xstream\xstream\1.4.10\xstream-1.4.10.jar;D:\JAVA\Maven\repository\xmlpull\xmlpull\1.1.3.1\xmlpull-1.1.3.1.jar;D:\JAVA\Maven\repository\xpp3\xpp3_min\1.1.4c\xpp3_min-1.1.4c.jar;D:\JAVA\Maven\repository\org\springframework\cloud\spring-cloud-starter-netflix-archaius\2.0.0.RELEASE\spring-cloud-starter-netflix-archaius-2.0.0.RELEASE.jar;D:\JAVA\Maven\repository\org\springframework\cloud\spring-cloud-netflix-ribbon\2.0.0.RELEASE\spring-cloud-netflix-ribbon-2.0.0.RELEASE.jar;D:\JAVA\Maven\repository\org\springframework\cloud\spring-cloud-netflix-archaius\2.0.0.RELEASE\spring-cloud-netflix-archaius-2.0.0.RELEASE.jar;D:\JAVA\Maven\repository\commons-configuration\commons-configuration\1.8\commons-configuration-1.8.jar;D:\JAVA\Maven\repository\commons-lang\commons-lang\2.6\commons-lang-2.6.jar;D:\JAVA\Maven\repository\org\springframework\cloud\spring-cloud-starter-netflix-ribbon\2.0.0.RELEASE\spring-cloud-starter-netflix-ribbon-2.0.0.RELEASE.jar;D:\JAVA\Maven\repository\com\netflix\ribbon\ribbon\2.2.5\ribbon-2.2.5.jar;D:\JAVA\Maven\repository\com\netflix\ribbon\ribbon-transport\2.2.5\ribbon-transport-2.2.5.jar;D:\JAVA\Maven\repository\io\reactivex\rxnetty-contexts\0.4.9\rxnetty-contexts-0.4.9.jar;D:\JAVA\Maven\repository\io\reactivex\rxnetty-servo\0.4.9\rxnetty-servo-0.4.9.jar;D:\JAVA\Maven\repository\com\netflix\hystrix\hystrix-core\1.5.12\hystrix-core-1.5.12.jar;D:\JAVA\Maven\repository\io\reactivex\rxnetty\0.4.9\rxnetty-0.4.9.jar;D:\JAVA\Maven\repository\io\netty\netty-codec-http\4.1.31.Final\netty-codec-http-4.1.31.Final.jar;D:\JAVA\Maven\repository\io\netty\netty-codec\4.1.31.Final\netty-codec-4.1.31.Final.jar;D:\JAVA\Maven\repository\io\netty\netty-transport-native-epoll\4.1.31.Final\netty-transport-native-epoll-4.1.31.Final.jar;D:\JAVA\Maven\repository\io\netty\netty-common\4.1.31.Final\netty-common-4.1.31.Final.jar;D:\JAVA\Maven\repository\io\netty\netty-buffer\4.1.31.Final\netty-buffer-4.1.31.Final.jar;D:\JAVA\Maven\repository\io\netty\netty-transport-native-unix-common\4.1.31.Final\netty-transport-native-unix-common-4.1.31.Final.jar;D:\JAVA\Maven\repository\io\netty\netty-transport\4.1.31.Final\netty-transport-4.1.31.Final.jar;D:\JAVA\Maven\repository\io\netty\netty-resolver\4.1.31.Final\netty-resolver-4.1.31.Final.jar;D:\JAVA\Maven\repository\com\netflix\ribbon\ribbon-core\2.2.5\ribbon-core-2.2.5.jar;D:\JAVA\Maven\repository\com\netflix\ribbon\ribbon-httpclient\2.2.5\ribbon-httpclient-2.2.5.jar;D:\JAVA\Maven\repository\commons-collections\commons-collections\3.2.2\commons-collections-3.2.2.jar;D:\JAVA\Maven\repository\com\netflix\netflix-commons\netflix-commons-util\0.3.0\netflix-commons-util-0.3.0.jar;D:\JAVA\Maven\repository\com\netflix\ribbon\ribbon-loadbalancer\2.2.5\ribbon-loadbalancer-2.2.5.jar;D:\JAVA\Maven\repository\com\netflix\netflix-commons\netflix-statistics\0.1.1\netflix-statistics-0.1.1.jar;D:\JAVA\Maven\repository\io\reactivex\rxjava\1.3.8\rxjava-1.3.8.jar;D:\JAVA\Maven\repository\com\netflix\ribbon\ribbon-eureka\2.2.5\ribbon-eureka-2.2.5.jar;D:\JAVA\Maven\repository\org\springframework\boot\spring-boot-starter-test\2.1.1.RELEASE\spring-boot-starter-test-2.1.1.RELEASE.jar;D:\JAVA\Maven\repository\org\springframework\boot\spring-boot-starter\2.1.1.RELEASE\spring-boot-starter-2.1.1.RELEASE.jar;D:\JAVA\Maven\repository\org\springframework\boot\spring-boot\2.1.1.RELEASE\spring-boot-2.1.1.RELEASE.jar;D:\JAVA\Maven\repository\org\springframework\boot\spring-boot-starter-logging\2.1.1.RELEASE\spring-boot-starter-logging-2.1.1.RELEASE.jar;D:\JAVA\Maven\repository\ch\qos\logback\logback-classic\1.2.3\logback-classic-1.2.3.jar;D:\JAVA\Maven\repository\ch\qos\logback\logback-core\1.2.3\logback-core-1.2.3.jar;D:\JAVA\Maven\repository\org\apache\logging\log4j\log4j-to-slf4j\2.11.1\log4j-to-slf4j-2.11.1.jar;D:\JAVA\Maven\repository\org\apache\logging\log4j\log4j-api\2.11.1\log4j-api-2.11.1.jar;D:\JAVA\Maven\repository\org\slf4j\jul-to-slf4j\1.7.25\jul-to-slf4j-1.7.25.jar;D:\JAVA\Maven\repository\javax\annotation\javax.annotation-api\1.3.2\javax.annotation-api-1.3.2.jar;D:\JAVA\Maven\repository\org\springframework\boot\spring-boot-test\2.1.1.RELEASE\spring-boot-test-2.1.1.RELEASE.jar;D:\JAVA\Maven\repository\org\springframework\boot\spring-boot-test-autoconfigure\2.1.1.RELEASE\spring-boot-test-autoconfigure-2.1.1.RELEASE.jar;D:\JAVA\Maven\repository\com\jayway\jsonpath\json-path\2.4.0\json-path-2.4.0.jar;D:\JAVA\Maven\repository\net\minidev\json-smart\2.3\json-smart-2.3.jar;D:\JAVA\Maven\repository\net\minidev\accessors-smart\1.2\accessors-smart-1.2.jar;D:\JAVA\Maven\repository\org\ow2\asm\asm\5.0.4\asm-5.0.4.jar;D:\JAVA\Maven\repository\junit\junit\4.12\junit-4.12.jar;D:\JAVA\Maven\repository\org\assertj\assertj-core\3.11.1\assertj-core-3.11.1.jar;D:\JAVA\Maven\repository\org\mockito\mockito-core\2.23.4\mockito-core-2.23.4.jar;D:\JAVA\Maven\repository\net\bytebuddy\byte-buddy\1.9.5\byte-buddy-1.9.5.jar;D:\JAVA\Maven\repository\net\bytebuddy\byte-buddy-agent\1.9.5\byte-buddy-agent-1.9.5.jar;D:\JAVA\Maven\repository\org\objenesis\objenesis\2.6\objenesis-2.6.jar;D:\JAVA\Maven\repository\org\hamcrest\hamcrest-core\1.3\hamcrest-core-1.3.jar;D:\JAVA\Maven\repository\org\hamcrest\hamcrest-library\1.3\hamcrest-library-1.3.jar;D:\JAVA\Maven\repository\org\skyscreamer\jsonassert\1.5.0\jsonassert-1.5.0.jar;D:\JAVA\Maven\repository\com\vaadin\external\google\android-json\0.0.20131108.vaadin1\android-json-0.0.20131108.vaadin1.jar;D:\JAVA\Maven\repository\org\springframework\spring-core\5.1.3.RELEASE\spring-core-5.1.3.RELEASE.jar;D:\JAVA\Maven\repository\org\springframework\spring-jcl\5.1.3.RELEASE\spring-jcl-5.1.3.RELEASE.jar;D:\JAVA\Maven\repository\org\springframework\spring-test\5.1.3.RELEASE\spring-test-5.1.3.RELEASE.jar;D:\JAVA\Maven\repository\org\xmlunit\xmlunit-core\2.6.2\xmlunit-core-2.6.2.jar;"/>
    <property name="sun.cpu.endian" value="little"/>
    <property name="user.home" value="C:\Users\Pactera"/>
    <property name="user.language" value="zh"/>
    <property name="java.specification.vendor" value="Oracle Corporation"/>
    <property name="java.home" value="D:\JAVA\JDK\jdk1.8_301\jre"/>
    <property name="basedir" value="D:\Lean\springcloud-study\springcloud-config\springcloud-config-server"/>
    <property name="file.separator" value="\"/>
    <property name="line.separator" value="&#10;"/>
    <property name="java.vm.specification.vendor" value="Oracle Corporation"/>
    <property name="java.specification.name" value="Java Platform API Specification"/>
    <property name="java.awt.graphicsenv" value="sun.awt.Win32GraphicsEnvironment"/>
    <property name="surefire.real.class.path" value="C:\Users\Pactera\AppData\Local\Temp\surefire2235131211509365527\surefirebooter4721269306734004506.jar"/>
    <property name="sun.boot.class.path" value="D:\JAVA\JDK\jdk1.8_301\jre\lib\resources.jar;D:\JAVA\JDK\jdk1.8_301\jre\lib\rt.jar;D:\JAVA\JDK\jdk1.8_301\jre\lib\sunrsasign.jar;D:\JAVA\JDK\jdk1.8_301\jre\lib\jsse.jar;D:\JAVA\JDK\jdk1.8_301\jre\lib\jce.jar;D:\JAVA\JDK\jdk1.8_301\jre\lib\charsets.jar;D:\JAVA\JDK\jdk1.8_301\jre\lib\jfr.jar;D:\JAVA\JDK\jdk1.8_301\jre\classes"/>
    <property name="user.script" value=""/>
    <property name="sun.management.compiler" value="HotSpot 64-Bit Tiered Compilers"/>
    <property name="java.runtime.version" value="1.8.0_301-b09"/>
    <property name="user.name" value="Pactera"/>
    <property name="path.separator" value=";"/>
    <property name="os.version" value="10.0"/>
    <property name="java.endorsed.dirs" value="D:\JAVA\JDK\jdk1.8_301\jre\lib\endorsed"/>
    <property name="java.runtime.name" value="Java(TM) SE Runtime Environment"/>
    <property name="file.encoding" value="GBK"/>
    <property name="java.vm.name" value="Java HotSpot(TM) 64-Bit Server VM"/>
    <property name="localRepository" value="D:\JAVA\Maven\repository"/>
    <property name="java.vendor.url.bug" value="http://bugreport.sun.com/bugreport/"/>
    <property name="java.io.tmpdir" value="C:\Users\Pactera\AppData\Local\Temp\"/>
    <property name="idea.version" value="2021.2.2"/>
    <property name="java.version" value="1.8.0_301"/>
    <property name="user.dir" value="D:\Lean\springcloud-study\springcloud-config\springcloud-config-server"/>
    <property name="os.arch" value="amd64"/>
    <property name="java.vm.specification.name" value="Java Virtual Machine Specification"/>
    <property name="java.awt.printerjob" value="sun.awt.windows.WPrinterJob"/>
    <property name="sun.os.patch.level" value=""/>
    <property name="java.library.path" value="D:\JAVA\JDK\jdk1.8_301\jre\bin;C:\Windows\Sun\Java\bin;C:\Windows\system32;C:\Windows;D:\JAVA\JDK\jdk1.8_301\bin;D:\JAVA\Maven\apache-maven-3.8.2\bin;D:\JAVA\Mysql\MySQL server 5.5\bin;C:\Program Files (x86)\Common Files\Oracle\Java\javapath;C:\Windows\system32;C:\Windows;C:\Windows\System32\Wbem;C:\Windows\System32\WindowsPowerShell\v1.0\;C:\Windows\System32\OpenSSH\;D:\微服务\Minikube;C:;Program Files\Kubernetes\Minikube;D:\微服务\node\;C:;Program Files\Docker\Docker\resources\bin;C:\Program Files\Docker\Docker\resources\bin;C:\ProgramData\DockerDesktop\version-bin;D:\ENV\Git\cmd;C:\Users\Pactera\AppData\Local\Microsoft\WindowsApps;C:\Users\Pactera\AppData\Roaming\npm;C:\Users\Pactera\AppData\Local\GitHubDesktop\bin;C:\Users\Pactera\AppData\Local\Programs\Microsoft VS Code\bin;."/>
    <property name="java.vm.info" value="mixed mode"/>
    <property name="java.vendor" value="Oracle Corporation"/>
    <property name="java.vm.version" value="25.301-b09"/>
    <property name="java.ext.dirs" value="D:\JAVA\JDK\jdk1.8_301\jre\lib\ext;C:\Windows\Sun\Java\lib\ext"/>
    <property name="sun.io.unicode.encoding" value="UnicodeLittle"/>
    <property name="maven.repo.local" value="D:\JAVA\Maven\repository"/>
    <property name="java.class.version" value="52.0"/>
  </properties>
  <testcase name="testApp" classname="com.pancm.AppTest" time="0.001"/>
</testsuite>